<?xml version="1.0" encoding="UTF-8"?>
<coverage generated="1592422983643" clover="3.2.0">
  <project timestamp="1592422983643" name="All files">
    <metrics statements="25" coveredstatements="21" conditionals="8" coveredconditionals="6" methods="2" coveredmethods="2" elements="35" coveredelements="29" complexity="0" loc="25" ncloc="25" packages="1" files="1" classes="1"/>
    <file name="cipher.js" path="/Users/Naty/Documents/JAVASCRIPT/SCL014-cipher/src/cipher.js">
      <metrics statements="25" coveredstatements="21" conditionals="8" coveredconditionals="6" methods="2" coveredmethods="2"/>
      <line num="1" count="1" type="stmt"/>
      <line num="10" count="1" type="stmt"/>
      <line num="11" count="1" type="stmt"/>
      <line num="12" count="1" type="stmt"/>
      <line num="13" count="1" type="stmt"/>
      <line num="14" count="26" type="stmt"/>
      <line num="15" count="26" type="stmt"/>
      <line num="16" count="26" type="cond" truecount="3" falsecount="1"/>
      <line num="17" count="0" type="stmt"/>
      <line num="18" count="0" type="stmt"/>
      <line num="20" count="26" type="stmt"/>
      <line num="21" count="26" type="stmt"/>
      <line num="23" count="1" type="stmt"/>
      <line num="26" count="1" type="stmt"/>
      <line num="27" count="1" type="stmt"/>
      <line num="28" count="1" type="stmt"/>
      <line num="29" count="1" type="stmt"/>
      <line num="30" count="26" type="stmt"/>
      <line num="31" count="26" type="stmt"/>
      <line num="32" count="26" type="cond" truecount="3" falsecount="1"/>
      <line num="33" count="0" type="stmt"/>
      <line num="34" count="0" type="stmt"/>
      <line num="36" count="26" type="stmt"/>
      <line num="37" count="26" type="stmt"/>
      <line num="39" count="1" type="stmt"/>
    </file>
  </project>
</coverage>
