{"/Users/Naty/Documents/JAVASCRIPT/SCL014-cipher/src/cipher.js": {"path":"/Users/Naty/Documents/JAVASCRIPT/SCL014-cipher/src/cipher.js","statementMap":{"0":{"start":{"line":1,"column":15},"end":{"line":4,"column":1}},"1":{"start":{"line":10,"column":22},"end":{"line":10,"column":24}},"2":{"start":{"line":11,"column":25},"end":{"line":11,"column":45}},"3":{"start":{"line":12,"column":2},"end":{"line":12,"column":26}},"4":{"start":{"line":13,"column":2},"end":{"line":22,"column":3}},"5":{"start":{"line":13,"column":19},"end":{"line":13,"column":20}},"6":{"start":{"line":14,"column":12},"end":{"line":14,"column":46}},"7":{"start":{"line":15,"column":24},"end":{"line":15,"column":51}},"8":{"start":{"line":16,"column":4},"end":{"line":19,"column":5}},"9":{"start":{"line":17,"column":6},"end":{"line":17,"column":62}},"10":{"start":{"line":18,"column":6},"end":{"line":18,"column":15}},"11":{"start":{"line":20,"column":26},"end":{"line":20,"column":60}},"12":{"start":{"line":21,"column":4},"end":{"line":21,"column":52}},"13":{"start":{"line":23,"column":2},"end":{"line":23,"column":23}},"14":{"start":{"line":26,"column":22},"end":{"line":26,"column":24}},"15":{"start":{"line":27,"column":25},"end":{"line":27,"column":45}},"16":{"start":{"line":28,"column":2},"end":{"line":28,"column":26}},"17":{"start":{"line":29,"column":2},"end":{"line":38,"column":3}},"18":{"start":{"line":29,"column":19},"end":{"line":29,"column":20}},"19":{"start":{"line":30,"column":12},"end":{"line":30,"column":46}},"20":{"start":{"line":31,"column":24},"end":{"line":31,"column":51}},"21":{"start":{"line":32,"column":4},"end":{"line":35,"column":5}},"22":{"start":{"line":33,"column":6},"end":{"line":33,"column":62}},"23":{"start":{"line":34,"column":6},"end":{"line":34,"column":15}},"24":{"start":{"line":36,"column":26},"end":{"line":36,"column":60}},"25":{"start":{"line":37,"column":4},"end":{"line":37,"column":52}},"26":{"start":{"line":39,"column":2},"end":{"line":39,"column":23}}},"fnMap":{"0":{"name":"encodeMessage","decl":{"start":{"line":9,"column":9},"end":{"line":9,"column":22}},"loc":{"start":{"line":9,"column":39},"end":{"line":24,"column":1}},"line":9},"1":{"name":"decodeMessage","decl":{"start":{"line":25,"column":9},"end":{"line":25,"column":22}},"loc":{"start":{"line":25,"column":39},"end":{"line":40,"column":1}},"line":25}},"branchMap":{"0":{"loc":{"start":{"line":16,"column":4},"end":{"line":19,"column":5}},"type":"if","locations":[{"start":{"line":16,"column":4},"end":{"line":19,"column":5}},{"start":{"line":16,"column":4},"end":{"line":19,"column":5}}],"line":16},"1":{"loc":{"start":{"line":16,"column":8},"end":{"line":16,"column":24}},"type":"binary-expr","locations":[{"start":{"line":16,"column":8},"end":{"line":16,"column":14}},{"start":{"line":16,"column":18},"end":{"line":16,"column":24}}],"line":16},"2":{"loc":{"start":{"line":32,"column":4},"end":{"line":35,"column":5}},"type":"if","locations":[{"start":{"line":32,"column":4},"end":{"line":35,"column":5}},{"start":{"line":32,"column":4},"end":{"line":35,"column":5}}],"line":32},"3":{"loc":{"start":{"line":32,"column":8},"end":{"line":32,"column":24}},"type":"binary-expr","locations":[{"start":{"line":32,"column":8},"end":{"line":32,"column":14}},{"start":{"line":32,"column":18},"end":{"line":32,"column":24}}],"line":32}},"s":{"0":1,"1":1,"2":1,"3":1,"4":1,"5":1,"6":26,"7":26,"8":26,"9":0,"10":0,"11":26,"12":26,"13":1,"14":1,"15":1,"16":1,"17":1,"18":1,"19":26,"20":26,"21":26,"22":0,"23":0,"24":26,"25":26,"26":1},"f":{"0":1,"1":1},"b":{"0":[0,26],"1":[26,26],"2":[0,26],"3":[26,26]},"_coverageSchema":"43e27e138ebf9cfc5966b082cf9a028302ed4184","hash":"f7e1d9cfc3b37c7eb40dafd916c10936b4e01daa"}
}
