TN:
SF:/Users/Naty/Documents/JAVASCRIPT/SCL014-cipher/src/cipher.js
FN:9,encodeMessage
FN:25,decodeMessage
FNF:2
FNH:2
FNDA:1,encodeMessage
FNDA:1,decodeMessage
DA:1,1
DA:10,1
DA:11,1
DA:12,1
DA:13,1
DA:14,26
DA:15,26
DA:16,26
DA:17,0
DA:18,0
DA:20,26
DA:21,26
DA:23,1
DA:26,1
DA:27,1
DA:28,1
DA:29,1
DA:30,26
DA:31,26
DA:32,26
DA:33,0
DA:34,0
DA:36,26
DA:37,26
DA:39,1
LF:25
LH:21
BRDA:16,0,0,0
BRDA:16,0,1,26
BRDA:16,1,0,26
BRDA:16,1,1,26
BRDA:32,2,0,0
BRDA:32,2,1,26
BRDA:32,3,0,26
BRDA:32,3,1,26
BRF:8
BRH:6
end_of_record
